FileAST(ext=[FuncDef(decl=Decl(name='main',
                               quals=[
                                     ],
                               storage=[
                                       ],
                               funcspec=[
                                        ],
                               type=FuncDecl(args=None,
                                             type=TypeDecl(declname='main',
                                                           quals=[
                                                                 ],
                                                           type=IdentifierType(names=['int'
                                                                                     ]
                                                                               )
                                                           )
                                             ),
                               init=None,
                               bitsize=None
                               ),
                     param_decls=None,
                     body=Compound(block_items=[Decl(name='edge',
                                                     quals=[
                                                           ],
                                                     storage=[
                                                             ],
                                                     funcspec=[
                                                              ],
                                                     type=ArrayDecl(type=ArrayDecl(type=TypeDecl(declname='edge',
                                                                                                 quals=[
                                                                                                       ],
                                                                                                 type=IdentifierType(names=['int'
                                                                                                                           ]
                                                                                                                     )
                                                                                                 ),
                                                                                   dim=Constant(type='int',
                                                                                                value='6'
                                                                                                ),
                                                                                   dim_quals=[
                                                                                             ]
                                                                                   ),
                                                                    dim=Constant(type='int',
                                                                                 value='6'
                                                                                 ),
                                                                    dim_quals=[
                                                                              ]
                                                                    ),
                                                     init=InitList(exprs=[Constant(type='int',
                                                                                   value='0'
                                                                                   ),
                                                                          Constant(type='int',
                                                                                   value='0'
                                                                                   ),
                                                                          Constant(type='int',
                                                                                   value='0'
                                                                                   ),
                                                                          Constant(type='int',
                                                                                   value='0'
                                                                                   ),
                                                                          Constant(type='int',
                                                                                   value='0'
                                                                                   ),
                                                                          Constant(type='int',
                                                                                   value='0'
                                                                                   ),
                                                                          Constant(type='int',
                                                                                   value='0'
                                                                                   ),
                                                                          Constant(type='int',
                                                                                   value='0'
                                                                                   ),
                                                                          Constant(type='int',
                                                                                   value='0'
                                                                                   ),
                                                                          Constant(type='int',
                                                                                   value='0'
                                                                                   ),
                                                                          Constant(type='int',
                                                                                   value='0'
                                                                                   ),
                                                                          Constant(type='int',
                                                                                   value='0'
                                                                                   ),
                                                                          Constant(type='int',
                                                                                   value='0'
                                                                                   ),
                                                                          Constant(type='int',
                                                                                   value='0'
                                                                                   ),
                                                                          Constant(type='int',
                                                                                   value='0'
                                                                                   ),
                                                                          Constant(type='int',
                                                                                   value='0'
                                                                                   ),
                                                                          Constant(type='int',
                                                                                   value='0'
                                                                                   ),
                                                                          Constant(type='int',
                                                                                   value='0'
                                                                                   ),
                                                                          Constant(type='int',
                                                                                   value='0'
                                                                                   ),
                                                                          Constant(type='int',
                                                                                   value='0'
                                                                                   ),
                                                                          Constant(type='int',
                                                                                   value='0'
                                                                                   ),
                                                                          Constant(type='int',
                                                                                   value='0'
                                                                                   ),
                                                                          Constant(type='int',
                                                                                   value='0'
                                                                                   ),
                                                                          Constant(type='int',
                                                                                   value='0'
                                                                                   ),
                                                                          Constant(type='int',
                                                                                   value='0'
                                                                                   ),
                                                                          Constant(type='int',
                                                                                   value='0'
                                                                                   ),
                                                                          Constant(type='int',
                                                                                   value='0'
                                                                                   ),
                                                                          Constant(type='int',
                                                                                   value='0'
                                                                                   ),
                                                                          Constant(type='int',
                                                                                   value='0'
                                                                                   ),
                                                                          Constant(type='int',
                                                                                   value='0'
                                                                                   ),
                                                                          Constant(type='int',
                                                                                   value='0'
                                                                                   ),
                                                                          Constant(type='int',
                                                                                   value='0'
                                                                                   ),
                                                                          Constant(type='int',
                                                                                   value='0'
                                                                                   ),
                                                                          Constant(type='int',
                                                                                   value='0'
                                                                                   ),
                                                                          Constant(type='int',
                                                                                   value='0'
                                                                                   ),
                                                                          Constant(type='int',
                                                                                   value='0'
                                                                                   )
                                                                         ]
                                                                   ),
                                                     bitsize=None
                                                     ),
                                                Decl(name='deg',
                                                     quals=[
                                                           ],
                                                     storage=[
                                                             ],
                                                     funcspec=[
                                                              ],
                                                     type=ArrayDecl(type=TypeDecl(declname='deg',
                                                                                  quals=[
                                                                                        ],
                                                                                  type=IdentifierType(names=['int'
                                                                                                            ]
                                                                                                      )
                                                                                  ),
                                                                    dim=Constant(type='int',
                                                                                 value='6'
                                                                                 ),
                                                                    dim_quals=[
                                                                              ]
                                                                    ),
                                                     init=InitList(exprs=[Constant(type='int',
                                                                                   value='0'
                                                                                   ),
                                                                          Constant(type='int',
                                                                                   value='0'
                                                                                   ),
                                                                          Constant(type='int',
                                                                                   value='0'
                                                                                   ),
                                                                          Constant(type='int',
                                                                                   value='0'
                                                                                   ),
                                                                          Constant(type='int',
                                                                                   value='0'
                                                                                   ),
                                                                          Constant(type='int',
                                                                                   value='0'
                                                                                   )
                                                                         ]
                                                                   ),
                                                     bitsize=None
                                                     ),
                                                Decl(name='que',
                                                     quals=[
                                                           ],
                                                     storage=[
                                                             ],
                                                     funcspec=[
                                                              ],
                                                     type=ArrayDecl(type=TypeDecl(declname='que',
                                                                                  quals=[
                                                                                        ],
                                                                                  type=IdentifierType(names=['int'
                                                                                                            ]
                                                                                                      )
                                                                                  ),
                                                                    dim=Constant(type='int',
                                                                                 value='6'
                                                                                 ),
                                                                    dim_quals=[
                                                                              ]
                                                                    ),
                                                     init=InitList(exprs=[Constant(type='int',
                                                                                   value='0'
                                                                                   ),
                                                                          Constant(type='int',
                                                                                   value='0'
                                                                                   ),
                                                                          Constant(type='int',
                                                                                   value='0'
                                                                                   ),
                                                                          Constant(type='int',
                                                                                   value='0'
                                                                                   ),
                                                                          Constant(type='int',
                                                                                   value='0'
                                                                                   ),
                                                                          Constant(type='int',
                                                                                   value='0'
                                                                                   )
                                                                         ]
                                                                   ),
                                                     bitsize=None
                                                     ),
                                                Assignment(op='=',
                                                           lvalue=ArrayRef(name=ArrayRef(name=ID(name='edge'
                                                                                                 ),
                                                                                         subscript=Constant(type='int',
                                                                                                            value='1'
                                                                                                            )
                                                                                         ),
                                                                           subscript=Constant(type='int',
                                                                                              value='2'
                                                                                              )
                                                                           ),
                                                           rvalue=Constant(type='int',
                                                                           value='1'
                                                                           )
                                                           ),
                                                Assignment(op='=',
                                                           lvalue=ArrayRef(name=ArrayRef(name=ID(name='edge'
                                                                                                 ),
                                                                                         subscript=Constant(type='int',
                                                                                                            value='1'
                                                                                                            )
                                                                                         ),
                                                                           subscript=Constant(type='int',
                                                                                              value='3'
                                                                                              )
                                                                           ),
                                                           rvalue=Constant(type='int',
                                                                           value='1'
                                                                           )
                                                           ),
                                                Assignment(op='=',
                                                           lvalue=ArrayRef(name=ArrayRef(name=ID(name='edge'
                                                                                                 ),
                                                                                         subscript=Constant(type='int',
                                                                                                            value='2'
                                                                                                            )
                                                                                         ),
                                                                           subscript=Constant(type='int',
                                                                                              value='4'
                                                                                              )
                                                                           ),
                                                           rvalue=Constant(type='int',
                                                                           value='1'
                                                                           )
                                                           ),
                                                Assignment(op='=',
                                                           lvalue=ArrayRef(name=ArrayRef(name=ID(name='edge'
                                                                                                 ),
                                                                                         subscript=Constant(type='int',
                                                                                                            value='3'
                                                                                                            )
                                                                                         ),
                                                                           subscript=Constant(type='int',
                                                                                              value='4'
                                                                                              )
                                                                           ),
                                                           rvalue=Constant(type='int',
                                                                           value='1'
                                                                           )
                                                           ),
                                                Assignment(op='=',
                                                           lvalue=ArrayRef(name=ArrayRef(name=ID(name='edge'
                                                                                                 ),
                                                                                         subscript=Constant(type='int',
                                                                                                            value='4'
                                                                                                            )
                                                                                         ),
                                                                           subscript=Constant(type='int',
                                                                                              value='5'
                                                                                              )
                                                                           ),
                                                           rvalue=Constant(type='int',
                                                                           value='1'
                                                                           )
                                                           ),
                                                Assignment(op='=',
                                                           lvalue=ArrayRef(name=ID(name='deg'
                                                                                   ),
                                                                           subscript=Constant(type='int',
                                                                                              value='1'
                                                                                              )
                                                                           ),
                                                           rvalue=Constant(type='int',
                                                                           value='0'
                                                                           )
                                                           ),
                                                Assignment(op='=',
                                                           lvalue=ArrayRef(name=ID(name='deg'
                                                                                   ),
                                                                           subscript=Constant(type='int',
                                                                                              value='2'
                                                                                              )
                                                                           ),
                                                           rvalue=Constant(type='int',
                                                                           value='1'
                                                                           )
                                                           ),
                                                Assignment(op='=',
                                                           lvalue=ArrayRef(name=ID(name='deg'
                                                                                   ),
                                                                           subscript=Constant(type='int',
                                                                                              value='3'
                                                                                              )
                                                                           ),
                                                           rvalue=Constant(type='int',
                                                                           value='1'
                                                                           )
                                                           ),
                                                Assignment(op='=',
                                                           lvalue=ArrayRef(name=ID(name='deg'
                                                                                   ),
                                                                           subscript=Constant(type='int',
                                                                                              value='4'
                                                                                              )
                                                                           ),
                                                           rvalue=Constant(type='int',
                                                                           value='2'
                                                                           )
                                                           ),
                                                Assignment(op='=',
                                                           lvalue=ArrayRef(name=ID(name='deg'
                                                                                   ),
                                                                           subscript=Constant(type='int',
                                                                                              value='5'
                                                                                              )
                                                                           ),
                                                           rvalue=Constant(type='int',
                                                                           value='1'
                                                                           )
                                                           ),
                                                Decl(name='n',
                                                     quals=[
                                                           ],
                                                     storage=[
                                                             ],
                                                     funcspec=[
                                                              ],
                                                     type=TypeDecl(declname='n',
                                                                   quals=[
                                                                         ],
                                                                   type=IdentifierType(names=['int'
                                                                                             ]
                                                                                       )
                                                                   ),
                                                     init=Constant(type='int',
                                                                   value='5'
                                                                   ),
                                                     bitsize=None
                                                     ),
                                                Decl(name='l',
                                                     quals=[
                                                           ],
                                                     storage=[
                                                             ],
                                                     funcspec=[
                                                              ],
                                                     type=TypeDecl(declname='l',
                                                                   quals=[
                                                                         ],
                                                                   type=IdentifierType(names=['int'
                                                                                             ]
                                                                                       )
                                                                   ),
                                                     init=Constant(type='int',
                                                                   value='1'
                                                                   ),
                                                     bitsize=None
                                                     ),
                                                Decl(name='r',
                                                     quals=[
                                                           ],
                                                     storage=[
                                                             ],
                                                     funcspec=[
                                                              ],
                                                     type=TypeDecl(declname='r',
                                                                   quals=[
                                                                         ],
                                                                   type=IdentifierType(names=['int'
                                                                                             ]
                                                                                       )
                                                                   ),
                                                     init=Constant(type='int',
                                                                   value='0'
                                                                   ),
                                                     bitsize=None
                                                     ),
                                                Decl(name='cnt',
                                                     quals=[
                                                           ],
                                                     storage=[
                                                             ],
                                                     funcspec=[
                                                              ],
                                                     type=TypeDecl(declname='cnt',
                                                                   quals=[
                                                                         ],
                                                                   type=IdentifierType(names=['int'
                                                                                             ]
                                                                                       )
                                                                   ),
                                                     init=Constant(type='int',
                                                                   value='1'
                                                                   ),
                                                     bitsize=None
                                                     ),
                                                While(cond=BinaryOp(op='<=',
                                                                    left=ID(name='cnt'
                                                                            ),
                                                                    right=ID(name='n'
                                                                             )
                                                                    ),
                                                      stmt=Compound(block_items=[If(cond=BinaryOp(op='==',
                                                                                                  left=ArrayRef(name=ID(name='deg'
                                                                                                                        ),
                                                                                                                subscript=ID(name='cnt'
                                                                                                                             )
                                                                                                                ),
                                                                                                  right=Constant(type='int',
                                                                                                                 value='0'
                                                                                                                 )
                                                                                                  ),
                                                                                    iftrue=Compound(block_items=[Assignment(op='+=',
                                                                                                                            lvalue=ID(name='r'
                                                                                                                                      ),
                                                                                                                            rvalue=Constant(type='int',
                                                                                                                                            value='1'
                                                                                                                                            )
                                                                                                                            ),
                                                                                                                 Assignment(op='=',
                                                                                                                            lvalue=ArrayRef(name=ID(name='que'
                                                                                                                                                    ),
                                                                                                                                            subscript=ID(name='r'
                                                                                                                                                         )
                                                                                                                                            ),
                                                                                                                            rvalue=ID(name='cnt'
                                                                                                                                      )
                                                                                                                            )
                                                                                                                ]
                                                                                                    ),
                                                                                    iffalse=None
                                                                                    ),
                                                                                 Assignment(op='+=',
                                                                                            lvalue=ID(name='cnt'
                                                                                                      ),
                                                                                            rvalue=Constant(type='int',
                                                                                                            value='1'
                                                                                                            )
                                                                                            )
                                                                                ]
                                                                    )
                                                      ),
                                                Assignment(op='=',
                                                           lvalue=ID(name='cnt'
                                                                     ),
                                                           rvalue=Constant(type='int',
                                                                           value='0'
                                                                           )
                                                           ),
                                                Decl(name='res',
                                                     quals=[
                                                           ],
                                                     storage=[
                                                             ],
                                                     funcspec=[
                                                              ],
                                                     type=ArrayDecl(type=TypeDecl(declname='res',
                                                                                  quals=[
                                                                                        ],
                                                                                  type=IdentifierType(names=['int'
                                                                                                            ]
                                                                                                      )
                                                                                  ),
                                                                    dim=Constant(type='int',
                                                                                 value='6'
                                                                                 ),
                                                                    dim_quals=[
                                                                              ]
                                                                    ),
                                                     init=InitList(exprs=[
                                                                         ]
                                                                   ),
                                                     bitsize=None
                                                     ),
                                                While(cond=BinaryOp(op='<=',
                                                                    left=ID(name='l'
                                                                            ),
                                                                    right=ID(name='r'
                                                                             )
                                                                    ),
                                                      stmt=Compound(block_items=[Decl(name='u',
                                                                                      quals=[
                                                                                            ],
                                                                                      storage=[
                                                                                              ],
                                                                                      funcspec=[
                                                                                               ],
                                                                                      type=TypeDecl(declname='u',
                                                                                                    quals=[
                                                                                                          ],
                                                                                                    type=IdentifierType(names=['int'
                                                                                                                              ]
                                                                                                                        )
                                                                                                    ),
                                                                                      init=ArrayRef(name=ID(name='que'
                                                                                                            ),
                                                                                                    subscript=ID(name='l'
                                                                                                                 )
                                                                                                    ),
                                                                                      bitsize=None
                                                                                      ),
                                                                                 Assignment(op='+=',
                                                                                            lvalue=ID(name='l'
                                                                                                      ),
                                                                                            rvalue=Constant(type='int',
                                                                                                            value='1'
                                                                                                            )
                                                                                            ),
                                                                                 Assignment(op='+=',
                                                                                            lvalue=ID(name='cnt'
                                                                                                      ),
                                                                                            rvalue=Constant(type='int',
                                                                                                            value='1'
                                                                                                            )
                                                                                            ),
                                                                                 Assignment(op='=',
                                                                                            lvalue=ArrayRef(name=ID(name='res'
                                                                                                                    ),
                                                                                                            subscript=UnaryOp(op='++',
                                                                                                                              expr=ID(name='cnt'
                                                                                                                                      )
                                                                                                                              )
                                                                                                            ),
                                                                                            rvalue=ID(name='u'
                                                                                                      )
                                                                                            ),
                                                                                 Decl(name='i',
                                                                                      quals=[
                                                                                            ],
                                                                                      storage=[
                                                                                              ],
                                                                                      funcspec=[
                                                                                               ],
                                                                                      type=TypeDecl(declname='i',
                                                                                                    quals=[
                                                                                                          ],
                                                                                                    type=IdentifierType(names=['int'
                                                                                                                              ]
                                                                                                                        )
                                                                                                    ),
                                                                                      init=Constant(type='int',
                                                                                                    value='1'
                                                                                                    ),
                                                                                      bitsize=None
                                                                                      ),
                                                                                 While(cond=BinaryOp(op='<=',
                                                                                                     left=ID(name='i'
                                                                                                             ),
                                                                                                     right=ID(name='cnt'
                                                                                                              )
                                                                                                     ),
                                                                                       stmt=Compound(block_items=[If(cond=BinaryOp(op='!=',
                                                                                                                                   left=ArrayRef(name=ArrayRef(name=ID(name='edge'
                                                                                                                                                                       ),
                                                                                                                                                               subscript=ID(name='u'
                                                                                                                                                                            )
                                                                                                                                                               ),
                                                                                                                                                 subscript=ID(name='i'
                                                                                                                                                              )
                                                                                                                                                 ),
                                                                                                                                   right=Constant(type='int',
                                                                                                                                                  value='0'
                                                                                                                                                  )
                                                                                                                                   ),
                                                                                                                     iftrue=Compound(block_items=[Assignment(op='-=',
                                                                                                                                                             lvalue=ArrayRef(name=ID(name='deg'
                                                                                                                                                                                     ),
                                                                                                                                                                             subscript=ID(name='i'
                                                                                                                                                                                          )
                                                                                                                                                                             ),
                                                                                                                                                             rvalue=Constant(type='int',
                                                                                                                                                                             value='1'
                                                                                                                                                                             )
                                                                                                                                                             ),
                                                                                                                                                  If(cond=BinaryOp(op='==',
                                                                                                                                                                   left=ArrayRef(name=ID(name='deg'
                                                                                                                                                                                         ),
                                                                                                                                                                                 subscript=ID(name='i'
                                                                                                                                                                                              )
                                                                                                                                                                                 ),
                                                                                                                                                                   right=Constant(type='int',
                                                                                                                                                                                  value='0'
                                                                                                                                                                                  )
                                                                                                                                                                   ),
                                                                                                                                                     iftrue=Compound(block_items=[Assignment(op='+=',
                                                                                                                                                                                             lvalue=ID(name='r'
                                                                                                                                                                                                       ),
                                                                                                                                                                                             rvalue=Constant(type='int',
                                                                                                                                                                                                             value='1'
                                                                                                                                                                                                             )
                                                                                                                                                                                             ),
                                                                                                                                                                                  Assignment(op='=',
                                                                                                                                                                                             lvalue=ArrayRef(name=ID(name='que'
                                                                                                                                                                                                                     ),
                                                                                                                                                                                                             subscript=ID(name='r'
                                                                                                                                                                                                                          )
                                                                                                                                                                                                             ),
                                                                                                                                                                                             rvalue=ID(name='i'
                                                                                                                                                                                                       )
                                                                                                                                                                                             )
                                                                                                                                                                                 ]
                                                                                                                                                                     ),
                                                                                                                                                     iffalse=None
                                                                                                                                                     )
                                                                                                                                                 ]
                                                                                                                                     ),
                                                                                                                     iffalse=None
                                                                                                                     ),
                                                                                                                  Assignment(op='+=',
                                                                                                                             lvalue=ID(name='i'
                                                                                                                                       ),
                                                                                                                             rvalue=Constant(type='int',
                                                                                                                                             value='1'
                                                                                                                                             )
                                                                                                                             )
                                                                                                                 ]
                                                                                                     )
                                                                                       )
                                                                                ]
                                                                    )
                                                      ),
                                                Return(expr=Constant(type='int',
                                                                     value='0'
                                                                     )
                                                       )
                                               ]
                                   )
                     )
            ]
        )