FileAST(ext=[Decl(name='go',
                  quals=[
                        ],
                  storage=[
                          ],
                  funcspec=[
                           ],
                  type=TypeDecl(declname='go',
                                quals=[
                                      ],
                                type=IdentifierType(names=['int'
                                                          ]
                                                    )
                                ),
                  init=Constant(type='int',
                                value='1000'
                                ),
                  bitsize=None
                  ),
             Decl(name='ch',
                  quals=[
                        ],
                  storage=[
                          ],
                  funcspec=[
                           ],
                  type=TypeDecl(declname='ch',
                                quals=[
                                      ],
                                type=IdentifierType(names=['char'
                                                          ]
                                                    )
                                ),
                  init=Constant(type='char',
                                value="'c'"
                                ),
                  bitsize=None
                  ),
             FuncDef(decl=Decl(name='main',
                               quals=[
                                     ],
                               storage=[
                                       ],
                               funcspec=[
                                        ],
                               type=FuncDecl(args=ParamList(params=[Decl(name='c',
                                                                         quals=[
                                                                               ],
                                                                         storage=[
                                                                                 ],
                                                                         funcspec=[
                                                                                  ],
                                                                         type=TypeDecl(declname='c',
                                                                                       quals=[
                                                                                             ],
                                                                                       type=IdentifierType(names=['int'
                                                                                                                 ]
                                                                                                           )
                                                                                       ),
                                                                         init=None,
                                                                         bitsize=None
                                                                         ),
                                                                    Decl(name='d',
                                                                         quals=[
                                                                               ],
                                                                         storage=[
                                                                                 ],
                                                                         funcspec=[
                                                                                  ],
                                                                         type=TypeDecl(declname='d',
                                                                                       quals=[
                                                                                             ],
                                                                                       type=IdentifierType(names=['int'
                                                                                                                 ]
                                                                                                           )
                                                                                       ),
                                                                         init=None,
                                                                         bitsize=None
                                                                         )
                                                                   ]
                                                            ),
                                             type=TypeDecl(declname='main',
                                                           quals=[
                                                                 ],
                                                           type=IdentifierType(names=['int'
                                                                                     ]
                                                                               )
                                                           )
                                             ),
                               init=None,
                               bitsize=None
                               ),
                     param_decls=None,
                     body=Compound(block_items=[Decl(name='a',
                                                     quals=[
                                                           ],
                                                     storage=[
                                                             ],
                                                     funcspec=[
                                                              ],
                                                     type=TypeDecl(declname='a',
                                                                   quals=[
                                                                         ],
                                                                   type=IdentifierType(names=['int'
                                                                                             ]
                                                                                       )
                                                                   ),
                                                     init=Constant(type='int',
                                                                   value='1'
                                                                   ),
                                                     bitsize=None
                                                     ),
                                                Decl(name='b',
                                                     quals=[
                                                           ],
                                                     storage=[
                                                             ],
                                                     funcspec=[
                                                              ],
                                                     type=TypeDecl(declname='b',
                                                                   quals=[
                                                                         ],
                                                                   type=IdentifierType(names=['int'
                                                                                             ]
                                                                                       )
                                                                   ),
                                                     init=Constant(type='int',
                                                                   value='0'
                                                                   ),
                                                     bitsize=None
                                                     ),
                                                Decl(name='c',
                                                     quals=[
                                                           ],
                                                     storage=[
                                                             ],
                                                     funcspec=[
                                                              ],
                                                     type=TypeDecl(declname='c',
                                                                   quals=[
                                                                         ],
                                                                   type=IdentifierType(names=['int'
                                                                                             ]
                                                                                       )
                                                                   ),
                                                     init=BinaryOp(op='+',
                                                                   left=ID(name='a'
                                                                           ),
                                                                   right=ID(name='b'
                                                                            )
                                                                   ),
                                                     bitsize=None
                                                     ),
                                                While(cond=Constant(type='int',
                                                                    value='1'
                                                                    ),
                                                      stmt=EmptyStatement()
                                                      ),
                                                While(cond=Constant(type='int',
                                                                    value='1'
                                                                    ),
                                                      stmt=UnaryOp(op='p++',
                                                                   expr=ID(name='c'
                                                                           )
                                                                   )
                                                      ),
                                                Compound(block_items=[Decl(name='cc',
                                                                           quals=[
                                                                                 ],
                                                                           storage=[
                                                                                   ],
                                                                           funcspec=[
                                                                                    ],
                                                                           type=TypeDecl(declname='cc',
                                                                                         quals=[
                                                                                               ],
                                                                                         type=IdentifierType(names=['int'
                                                                                                                   ]
                                                                                                             )
                                                                                         ),
                                                                           init=BinaryOp(op='+',
                                                                                         left=ID(name='a'
                                                                                                 ),
                                                                                         right=ID(name='b'
                                                                                                  )
                                                                                         ),
                                                                           bitsize=None
                                                                           ),
                                                                      Assignment(op='+=',
                                                                                 lvalue=ID(name='cc'
                                                                                           ),
                                                                                 rvalue=Constant(type='int',
                                                                                                 value='2'
                                                                                                 )
                                                                                 )
                                                                     ]
                                                         ),
                                                DoWhile(cond=BinaryOp(op='<',
                                                                      left=ID(name='c'
                                                                              ),
                                                                      right=Constant(type='int',
                                                                                     value='40'
                                                                                     )
                                                                      ),
                                                        stmt=Compound(block_items=[Assignment(op='=',
                                                                                              lvalue=ID(name='c'
                                                                                                        ),
                                                                                              rvalue=BinaryOp(op='+',
                                                                                                              left=ID(name='c'
                                                                                                                      ),
                                                                                                              right=Constant(type='int',
                                                                                                                             value='2'
                                                                                                                             )
                                                                                                              )
                                                                                              ),
                                                                                   While(cond=BinaryOp(op='>',
                                                                                                       left=ID(name='b'
                                                                                                               ),
                                                                                                       right=Constant(type='int',
                                                                                                                      value='0'
                                                                                                                      )
                                                                                                       ),
                                                                                         stmt=Compound(block_items=[Assignment(op='=',
                                                                                                                               lvalue=ID(name='b'
                                                                                                                                         ),
                                                                                                                               rvalue=BinaryOp(op='-',
                                                                                                                                               left=ID(name='c'
                                                                                                                                                       ),
                                                                                                                                               right=Constant(type='int',
                                                                                                                                                              value='2'
                                                                                                                                                              )
                                                                                                                                               )
                                                                                                                               )
                                                                                                                   ]
                                                                                                       )
                                                                                         )
                                                                                  ]
                                                                      )
                                                        ),
                                                Label(name='L1',
                                                      stmt=Assignment(op='=',
                                                                      lvalue=ID(name='b'
                                                                                ),
                                                                      rvalue=BinaryOp(op='+',
                                                                                      left=BinaryOp(op='*',
                                                                                                    left=ID(name='c'
                                                                                                            ),
                                                                                                    right=ID(name='a'
                                                                                                             )
                                                                                                    ),
                                                                                      right=BinaryOp(op='*',
                                                                                                     left=BinaryOp(op='+',
                                                                                                                   left=ID(name='a'
                                                                                                                           ),
                                                                                                                   right=ID(name='b'
                                                                                                                            )
                                                                                                                   ),
                                                                                                     right=ID(name='b'
                                                                                                              )
                                                                                                     )
                                                                                      )
                                                                      )
                                                      ),
                                                If(cond=BinaryOp(op='||',
                                                                 left=BinaryOp(op='<',
                                                                               left=ID(name='a'
                                                                                       ),
                                                                               right=ID(name='b'
                                                                                        )
                                                                               ),
                                                                 right=BinaryOp(op='>',
                                                                                left=ID(name='c'
                                                                                        ),
                                                                                right=BinaryOp(op='+',
                                                                                               left=ID(name='a'
                                                                                                       ),
                                                                                               right=ID(name='b'
                                                                                                        )
                                                                                               )
                                                                                )
                                                                 ),
                                                   iftrue=Compound(block_items=[Assignment(op='=',
                                                                                           lvalue=ID(name='a'
                                                                                                     ),
                                                                                           rvalue=BinaryOp(op='-',
                                                                                                           left=ID(name='b'
                                                                                                                   ),
                                                                                                           right=Constant(type='int',
                                                                                                                          value='1'
                                                                                                                          )
                                                                                                           )
                                                                                           )
                                                                               ]
                                                                   ),
                                                   iffalse=Compound(block_items=[Assignment(op='=',
                                                                                            lvalue=ID(name='b'
                                                                                                      ),
                                                                                            rvalue=BinaryOp(op='-',
                                                                                                            left=ID(name='a'
                                                                                                                    ),
                                                                                                            right=Constant(type='int',
                                                                                                                           value='1'
                                                                                                                           )
                                                                                                            )
                                                                                            )
                                                                                ]
                                                                    )
                                                   ),
                                                Decl(name='i',
                                                     quals=[
                                                           ],
                                                     storage=[
                                                             ],
                                                     funcspec=[
                                                              ],
                                                     type=TypeDecl(declname='i',
                                                                   quals=[
                                                                         ],
                                                                   type=IdentifierType(names=['int'
                                                                                             ]
                                                                                       )
                                                                   ),
                                                     init=Constant(type='int',
                                                                   value='100'
                                                                   ),
                                                     bitsize=None
                                                     ),
                                                While(cond=BinaryOp(op='>',
                                                                    left=ID(name='i'
                                                                            ),
                                                                    right=Constant(type='int',
                                                                                   value='0'
                                                                                   )
                                                                    ),
                                                      stmt=Compound(block_items=[Assignment(op='=',
                                                                                            lvalue=ID(name='b'
                                                                                                      ),
                                                                                            rvalue=BinaryOp(op='+',
                                                                                                            left=ID(name='b'
                                                                                                                    ),
                                                                                                            right=ID(name='a'
                                                                                                                     )
                                                                                                            )
                                                                                            )
                                                                                ]
                                                                    )
                                                      ),
                                                If(cond=BinaryOp(op='>',
                                                                 left=ID(name='c'
                                                                         ),
                                                                 right=Constant(type='int',
                                                                                value='100'
                                                                                )
                                                                 ),
                                                   iftrue=Goto(name='L1'
                                                               ),
                                                   iffalse=None
                                                   ),
                                                Return(expr=ID(name='b'
                                                               )
                                                       )
                                               ]
                                   )
                     )
            ]
        )