FileAST(ext=[FuncDef(decl=Decl(name='main',
                               quals=[
                                     ],
                               storage=[
                                       ],
                               funcspec=[
                                        ],
                               type=FuncDecl(args=ParamList(params=[Decl(name='aa',
                                                                         quals=[
                                                                               ],
                                                                         storage=[
                                                                                 ],
                                                                         funcspec=[
                                                                                  ],
                                                                         type=TypeDecl(declname='aa',
                                                                                       quals=[
                                                                                             ],
                                                                                       type=IdentifierType(names=['int'
                                                                                                                 ]
                                                                                                           )
                                                                                       ),
                                                                         init=None,
                                                                         bitsize=None
                                                                         ),
                                                                    Decl(name='bb',
                                                                         quals=[
                                                                               ],
                                                                         storage=[
                                                                                 ],
                                                                         funcspec=[
                                                                                  ],
                                                                         type=TypeDecl(declname='bb',
                                                                                       quals=[
                                                                                             ],
                                                                                       type=IdentifierType(names=['int'
                                                                                                                 ]
                                                                                                           )
                                                                                       ),
                                                                         init=None,
                                                                         bitsize=None
                                                                         )
                                                                   ]
                                                            ),
                                             type=TypeDecl(declname='main',
                                                           quals=[
                                                                 ],
                                                           type=IdentifierType(names=['int'
                                                                                     ]
                                                                               )
                                                           )
                                             ),
                               init=None,
                               bitsize=None
                               ),
                     param_decls=None,
                     body=Compound(block_items=[Decl(name='a',
                                                     quals=[
                                                           ],
                                                     storage=[
                                                             ],
                                                     funcspec=[
                                                              ],
                                                     type=TypeDecl(declname='a',
                                                                   quals=[
                                                                         ],
                                                                   type=IdentifierType(names=['int'
                                                                                             ]
                                                                                       )
                                                                   ),
                                                     init=Constant(type='int',
                                                                   value='100'
                                                                   ),
                                                     bitsize=None
                                                     ),
                                                Decl(name='c',
                                                     quals=[
                                                           ],
                                                     storage=[
                                                             ],
                                                     funcspec=[
                                                              ],
                                                     type=TypeDecl(declname='c',
                                                                   quals=[
                                                                         ],
                                                                   type=IdentifierType(names=['int'
                                                                                             ]
                                                                                       )
                                                                   ),
                                                     init=Constant(type='int',
                                                                   value='200'
                                                                   ),
                                                     bitsize=None
                                                     ),
                                                Decl(name='b',
                                                     quals=[
                                                           ],
                                                     storage=[
                                                             ],
                                                     funcspec=[
                                                              ],
                                                     type=TypeDecl(declname='b',
                                                                   quals=[
                                                                         ],
                                                                   type=IdentifierType(names=['int'
                                                                                             ]
                                                                                       )
                                                                   ),
                                                     init=BinaryOp(op='+',
                                                                   left=ID(name='a'
                                                                           ),
                                                                   right=ID(name='c'
                                                                            )
                                                                   ),
                                                     bitsize=None
                                                     ),
                                                While(cond=BinaryOp(op='<',
                                                                    left=ID(name='a'
                                                                            ),
                                                                    right=Constant(type='int',
                                                                                   value='0'
                                                                                   )
                                                                    ),
                                                      stmt=Compound(block_items=[If(cond=BinaryOp(op='>',
                                                                                                  left=ID(name='b'
                                                                                                          ),
                                                                                                  right=Constant(type='int',
                                                                                                                 value='0'
                                                                                                                 )
                                                                                                  ),
                                                                                    iftrue=Continue(),
                                                                                    iffalse=None
                                                                                    ),
                                                                                 Assignment(op='=',
                                                                                            lvalue=ID(name='b'
                                                                                                      ),
                                                                                            rvalue=BinaryOp(op='+',
                                                                                                            left=ID(name='b'
                                                                                                                    ),
                                                                                                            right=ID(name='c'
                                                                                                                     )
                                                                                                            )
                                                                                            )
                                                                                ]
                                                                    )
                                                      ),
                                                DoWhile(cond=BinaryOp(op='>',
                                                                      left=ID(name='b'
                                                                              ),
                                                                      right=Constant(type='int',
                                                                                     value='100'
                                                                                     )
                                                                      ),
                                                        stmt=Compound(block_items=[Assignment(op='=',
                                                                                              lvalue=ID(name='c'
                                                                                                        ),
                                                                                              rvalue=BinaryOp(op='+',
                                                                                                              left=ID(name='c'
                                                                                                                      ),
                                                                                                              right=Constant(type='int',
                                                                                                                             value='1'
                                                                                                                             )
                                                                                                              )
                                                                                              ),
                                                                                   Assignment(op='=',
                                                                                              lvalue=ID(name='a'
                                                                                                        ),
                                                                                              rvalue=BinaryOp(op='+',
                                                                                                              left=ID(name='a'
                                                                                                                      ),
                                                                                                              right=Constant(type='int',
                                                                                                                             value='1'
                                                                                                                             )
                                                                                                              )
                                                                                              ),
                                                                                   If(cond=BinaryOp(op='==',
                                                                                                    left=ID(name='a'
                                                                                                            ),
                                                                                                    right=Constant(type='int',
                                                                                                                   value='1000'
                                                                                                                   )
                                                                                                    ),
                                                                                      iftrue=Break(),
                                                                                      iffalse=None
                                                                                      )
                                                                                  ]
                                                                      )
                                                        ),
                                                Return(expr=Constant(type='int',
                                                                     value='0'
                                                                     )
                                                       )
                                               ]
                                   )
                     )
            ]
        )