FileAST(ext=[Decl(name=None,
                  quals=[
                        ],
                  storage=[
                          ],
                  funcspec=[
                           ],
                  type=Struct(name='point',
                              decls=[Decl(name='x',
                                          quals=[
                                                ],
                                          storage=[
                                                  ],
                                          funcspec=[
                                                   ],
                                          type=TypeDecl(declname='x',
                                                        quals=[
                                                              ],
                                                        type=IdentifierType(names=['int'
                                                                                  ]
                                                                            )
                                                        ),
                                          init=None,
                                          bitsize=None
                                          ),
                                     Decl(name='y',
                                          quals=[
                                                ],
                                          storage=[
                                                  ],
                                          funcspec=[
                                                   ],
                                          type=TypeDecl(declname='y',
                                                        quals=[
                                                              ],
                                                        type=IdentifierType(names=['int'
                                                                                  ]
                                                                            )
                                                        ),
                                          init=None,
                                          bitsize=None
                                          )
                                    ]
                              ),
                  init=None,
                  bitsize=None
                  ),
             Decl(name='a',
                  quals=[
                        ],
                  storage=[
                          ],
                  funcspec=[
                           ],
                  type=TypeDecl(declname='a',
                                quals=[
                                      ],
                                type=IdentifierType(names=['int'
                                                          ]
                                                    )
                                ),
                  init=Constant(type='int',
                                value='1000'
                                ),
                  bitsize=None
                  ),
             FuncDef(decl=Decl(name='main',
                               quals=[
                                     ],
                               storage=[
                                       ],
                               funcspec=[
                                        ],
                               type=FuncDecl(args=ParamList(params=[Decl(name='c',
                                                                         quals=[
                                                                               ],
                                                                         storage=[
                                                                                 ],
                                                                         funcspec=[
                                                                                  ],
                                                                         type=TypeDecl(declname='c',
                                                                                       quals=[
                                                                                             ],
                                                                                       type=IdentifierType(names=['int'
                                                                                                                 ]
                                                                                                           )
                                                                                       ),
                                                                         init=None,
                                                                         bitsize=None
                                                                         ),
                                                                    Decl(name='b',
                                                                         quals=[
                                                                               ],
                                                                         storage=[
                                                                                 ],
                                                                         funcspec=[
                                                                                  ],
                                                                         type=TypeDecl(declname='b',
                                                                                       quals=[
                                                                                             ],
                                                                                       type=IdentifierType(names=['int'
                                                                                                                 ]
                                                                                                           )
                                                                                       ),
                                                                         init=None,
                                                                         bitsize=None
                                                                         )
                                                                   ]
                                                            ),
                                             type=TypeDecl(declname='main',
                                                           quals=[
                                                                 ],
                                                           type=IdentifierType(names=['int'
                                                                                     ]
                                                                               )
                                                           )
                                             ),
                               init=None,
                               bitsize=None
                               ),
                     param_decls=None,
                     body=Compound(block_items=[Decl(name='k',
                                                     quals=[
                                                           ],
                                                     storage=[
                                                             ],
                                                     funcspec=[
                                                              ],
                                                     type=ArrayDecl(type=TypeDecl(declname='k',
                                                                                  quals=[
                                                                                        ],
                                                                                  type=IdentifierType(names=['int'
                                                                                                            ]
                                                                                                      )
                                                                                  ),
                                                                    dim=None,
                                                                    dim_quals=[
                                                                              ]
                                                                    ),
                                                     init=InitList(exprs=[Constant(type='int',
                                                                                   value='1'
                                                                                   ),
                                                                          Constant(type='int',
                                                                                   value='1'
                                                                                   )
                                                                         ]
                                                                   ),
                                                     bitsize=None
                                                     ),
                                                Assignment(op='=',
                                                           lvalue=UnaryOp(op='*',
                                                                          expr=ID(name='k'
                                                                                  )
                                                                          ),
                                                           rvalue=Constant(type='int',
                                                                           value='100'
                                                                           )
                                                           ),
                                                Decl(name='p',
                                                     quals=[
                                                           ],
                                                     storage=[
                                                             ],
                                                     funcspec=[
                                                              ],
                                                     type=TypeDecl(declname='p',
                                                                   quals=[
                                                                         ],
                                                                   type=Struct(name='point',
                                                                               decls=None
                                                                               )
                                                                   ),
                                                     init=InitList(exprs=[Constant(type='int',
                                                                                   value='100'
                                                                                   ),
                                                                          Constant(type='int',
                                                                                   value='100'
                                                                                   )
                                                                         ]
                                                                   ),
                                                     bitsize=None
                                                     ),
                                                Decl(name='pointer',
                                                     quals=[
                                                           ],
                                                     storage=[
                                                             ],
                                                     funcspec=[
                                                              ],
                                                     type=PtrDecl(quals=[
                                                                        ],
                                                                  type=TypeDecl(declname='pointer',
                                                                                quals=[
                                                                                      ],
                                                                                type=Struct(name='point',
                                                                                            decls=None
                                                                                            )
                                                                                )
                                                                  ),
                                                     init=ID(name='p'
                                                             ),
                                                     bitsize=None
                                                     ),
                                                Decl(name=None,
                                                     quals=[
                                                           ],
                                                     storage=[
                                                             ],
                                                     funcspec=[
                                                              ],
                                                     type=Enum(name='t',
                                                               values=EnumeratorList(enumerators=[Enumerator(name='A',
                                                                                                             value=None
                                                                                                             ),
                                                                                                  Enumerator(name='B',
                                                                                                             value=None
                                                                                                             ),
                                                                                                  Enumerator(name='C',
                                                                                                             value=None
                                                                                                             )
                                                                                                 ]
                                                                                     )
                                                               ),
                                                     init=None,
                                                     bitsize=None
                                                     ),
                                                Assignment(op='=',
                                                           lvalue=ArrayRef(name=ID(name='k'
                                                                                   ),
                                                                           subscript=Constant(type='int',
                                                                                              value='0'
                                                                                              )
                                                                           ),
                                                           rvalue=ID(name='A'
                                                                     )
                                                           ),
                                                Assignment(op='=',
                                                           lvalue=ArrayRef(name=ID(name='k'
                                                                                   ),
                                                                           subscript=Constant(type='int',
                                                                                              value='1'
                                                                                              )
                                                                           ),
                                                           rvalue=Constant(type='int',
                                                                           value='1000'
                                                                           )
                                                           ),
                                                Assignment(op='=',
                                                           lvalue=ID(name='c'
                                                                     ),
                                                           rvalue=ArrayRef(name=ID(name='k'
                                                                                   ),
                                                                           subscript=Constant(type='int',
                                                                                              value='1'
                                                                                              )
                                                                           )
                                                           ),
                                                Assignment(op='=',
                                                           lvalue=ID(name='c'
                                                                     ),
                                                           rvalue=StructRef(name=ID(name='p'
                                                                                    ),
                                                                            type='.',
                                                                            field=ID(name='x'
                                                                                     )
                                                                            )
                                                           ),
                                                Assignment(op='=',
                                                           lvalue=ID(name='c'
                                                                     ),
                                                           rvalue=StructRef(name=ID(name='pointer'
                                                                                    ),
                                                                            type='->',
                                                                            field=ID(name='y'
                                                                                     )
                                                                            )
                                                           ),
                                                Assignment(op='=',
                                                           lvalue=ID(name='c'
                                                                     ),
                                                           rvalue=UnaryOp(op='&',
                                                                          expr=ID(name='k'
                                                                                  )
                                                                          )
                                                           ),
                                                Assignment(op='=',
                                                           lvalue=ID(name='c'
                                                                     ),
                                                           rvalue=ID(name='b'
                                                                     )
                                                           ),
                                                Assignment(op='=',
                                                           lvalue=ID(name='c'
                                                                     ),
                                                           rvalue=UnaryOp(op='--',
                                                                          expr=BinaryOp(op='+',
                                                                                        left=ID(name='b'
                                                                                                ),
                                                                                        right=ID(name='c'
                                                                                                 )
                                                                                        )
                                                                          )
                                                           ),
                                                Assignment(op='=',
                                                           lvalue=ID(name='b'
                                                                     ),
                                                           rvalue=UnaryOp(op='p--',
                                                                          expr=ID(name='c'
                                                                                  )
                                                                          )
                                                           ),
                                                Assignment(op='=',
                                                           lvalue=StructRef(name=ID(name='p'
                                                                                    ),
                                                                            type='.',
                                                                            field=ID(name='x'
                                                                                     )
                                                                            ),
                                                           rvalue=Constant(type='int',
                                                                           value='1000'
                                                                           )
                                                           ),
                                                Assignment(op='=',
                                                           lvalue=StructRef(name=ID(name='pointer'
                                                                                    ),
                                                                            type='->',
                                                                            field=ID(name='y'
                                                                                     )
                                                                            ),
                                                           rvalue=Constant(type='int',
                                                                           value='10000'
                                                                           )
                                                           ),
                                                Assignment(op='=',
                                                           lvalue=ID(name='c'
                                                                     ),
                                                           rvalue=BinaryOp(op='+',
                                                                           left=BinaryOp(op='*',
                                                                                         left=ID(name='c'
                                                                                                 ),
                                                                                         right=ID(name='b'
                                                                                                  )
                                                                                         ),
                                                                           right=BinaryOp(op='*',
                                                                                          left=BinaryOp(op='-',
                                                                                                        left=ID(name='a'
                                                                                                                ),
                                                                                                        right=Constant(type='int',
                                                                                                                       value='100'
                                                                                                                       )
                                                                                                        ),
                                                                                          right=ID(name='b'
                                                                                                   )
                                                                                          )
                                                                           )
                                                           ),
                                                Decl(name='d',
                                                     quals=[
                                                           ],
                                                     storage=[
                                                             ],
                                                     funcspec=[
                                                              ],
                                                     type=TypeDecl(declname='d',
                                                                   quals=[
                                                                         ],
                                                                   type=IdentifierType(names=['int'
                                                                                             ]
                                                                                       )
                                                                   ),
                                                     init=BinaryOp(op='+',
                                                                   left=BinaryOp(op='*',
                                                                                 left=ID(name='c'
                                                                                         ),
                                                                                 right=BinaryOp(op='+',
                                                                                                left=ID(name='a'
                                                                                                        ),
                                                                                                right=ID(name='b'
                                                                                                         )
                                                                                                )
                                                                                 ),
                                                                   right=UnaryOp(op='--',
                                                                                 expr=ID(name='b'
                                                                                         )
                                                                                 )
                                                                   ),
                                                     bitsize=None
                                                     ),
                                                Return(expr=ID(name='d'
                                                               )
                                                       )
                                               ]
                                   )
                     )
            ]
        )