FileAST(ext=[FuncDef(decl=Decl(name='main',
                               quals=[
                                     ],
                               storage=[
                                       ],
                               funcspec=[
                                        ],
                               type=FuncDecl(args=None,
                                             type=TypeDecl(declname='main',
                                                           quals=[
                                                                 ],
                                                           type=IdentifierType(names=['int'
                                                                                     ]
                                                                               )
                                                           )
                                             ),
                               init=None,
                               bitsize=None
                               ),
                     param_decls=None,
                     body=Compound(block_items=[Decl(name='a',
                                                     quals=[
                                                           ],
                                                     storage=[
                                                             ],
                                                     funcspec=[
                                                              ],
                                                     type=TypeDecl(declname='a',
                                                                   quals=[
                                                                         ],
                                                                   type=IdentifierType(names=['int'
                                                                                             ]
                                                                                       )
                                                                   ),
                                                     init=Constant(type='int',
                                                                   value='5'
                                                                   ),
                                                     bitsize=None
                                                     ),
                                                If(cond=BinaryOp(op='<',
                                                                 left=ID(name='a'
                                                                         ),
                                                                 right=Constant(type='int',
                                                                                value='3'
                                                                                )
                                                                 ),
                                                   iftrue=Compound(block_items=[Assignment(op='=',
                                                                                           lvalue=ID(name='a'
                                                                                                     ),
                                                                                           rvalue=BinaryOp(op='-',
                                                                                                           left=ID(name='a'
                                                                                                                   ),
                                                                                                           right=Constant(type='int',
                                                                                                                          value='1'
                                                                                                                          )
                                                                                                           )
                                                                                           )
                                                                               ]
                                                                   ),
                                                   iffalse=Assignment(op='=',
                                                                      lvalue=ID(name='a'
                                                                                ),
                                                                      rvalue=BinaryOp(op='+',
                                                                                      left=ID(name='a'
                                                                                              ),
                                                                                      right=Constant(type='int',
                                                                                                     value='1'
                                                                                                     )
                                                                                      )
                                                                      )
                                                   ),
                                                Decl(name='c',
                                                     quals=[
                                                           ],
                                                     storage=[
                                                             ],
                                                     funcspec=[
                                                              ],
                                                     type=TypeDecl(declname='c',
                                                                   quals=[
                                                                         ],
                                                                   type=IdentifierType(names=['int'
                                                                                             ]
                                                                                       )
                                                                   ),
                                                     init=Constant(type='int',
                                                                   value='1'
                                                                   ),
                                                     bitsize=None
                                                     ),
                                                Return(expr=ID(name='a'
                                                               )
                                                       )
                                               ]
                                   )
                     )
            ]
        )