FileAST(ext=[Decl(name='c',
                  quals=[
                        ],
                  storage=[
                          ],
                  funcspec=[
                           ],
                  type=TypeDecl(declname='c',
                                quals=[
                                      ],
                                type=Struct(name='Point',
                                            decls=[Decl(name='x',
                                                        quals=[
                                                              ],
                                                        storage=[
                                                                ],
                                                        funcspec=[
                                                                 ],
                                                        type=TypeDecl(declname='x',
                                                                      quals=[
                                                                            ],
                                                                      type=IdentifierType(names=['int'
                                                                                                ]
                                                                                          )
                                                                      ),
                                                        init=None,
                                                        bitsize=None
                                                        ),
                                                   Decl(name='y',
                                                        quals=[
                                                              ],
                                                        storage=[
                                                                ],
                                                        funcspec=[
                                                                 ],
                                                        type=TypeDecl(declname='y',
                                                                      quals=[
                                                                            ],
                                                                      type=IdentifierType(names=['int'
                                                                                                ]
                                                                                          )
                                                                      ),
                                                        init=None,
                                                        bitsize=None
                                                        ),
                                                   Decl(name='z',
                                                        quals=[
                                                              ],
                                                        storage=[
                                                                ],
                                                        funcspec=[
                                                                 ],
                                                        type=TypeDecl(declname='z',
                                                                      quals=[
                                                                            ],
                                                                      type=IdentifierType(names=['int'
                                                                                                ]
                                                                                          )
                                                                      ),
                                                        init=None,
                                                        bitsize=None
                                                        ),
                                                   Decl(name='w',
                                                        quals=[
                                                              ],
                                                        storage=[
                                                                ],
                                                        funcspec=[
                                                                 ],
                                                        type=TypeDecl(declname='w',
                                                                      quals=[
                                                                            ],
                                                                      type=IdentifierType(names=['int'
                                                                                                ]
                                                                                          )
                                                                      ),
                                                        init=None,
                                                        bitsize=None
                                                        )
                                                  ]
                                            )
                                ),
                  init=None,
                  bitsize=None
                  ),
             Decl(name='p',
                  quals=[
                        ],
                  storage=[
                          ],
                  funcspec=[
                           ],
                  type=TypeDecl(declname='p',
                                quals=[
                                      ],
                                type=Struct(name='Point',
                                            decls=None
                                            )
                                ),
                  init=None,
                  bitsize=None
                  ),
             FuncDef(decl=Decl(name='main',
                               quals=[
                                     ],
                               storage=[
                                       ],
                               funcspec=[
                                        ],
                               type=FuncDecl(args=ParamList(params=[Decl(name='x',
                                                                         quals=[
                                                                               ],
                                                                         storage=[
                                                                                 ],
                                                                         funcspec=[
                                                                                  ],
                                                                         type=TypeDecl(declname='x',
                                                                                       quals=[
                                                                                             ],
                                                                                       type=IdentifierType(names=['int'
                                                                                                                 ]
                                                                                                           )
                                                                                       ),
                                                                         init=None,
                                                                         bitsize=None
                                                                         ),
                                                                    Decl(name='y',
                                                                         quals=[
                                                                               ],
                                                                         storage=[
                                                                                 ],
                                                                         funcspec=[
                                                                                  ],
                                                                         type=TypeDecl(declname='y',
                                                                                       quals=[
                                                                                             ],
                                                                                       type=IdentifierType(names=['int'
                                                                                                                 ]
                                                                                                           )
                                                                                       ),
                                                                         init=None,
                                                                         bitsize=None
                                                                         ),
                                                                    Decl(name='z',
                                                                         quals=[
                                                                               ],
                                                                         storage=[
                                                                                 ],
                                                                         funcspec=[
                                                                                  ],
                                                                         type=TypeDecl(declname='z',
                                                                                       quals=[
                                                                                             ],
                                                                                       type=IdentifierType(names=['int'
                                                                                                                 ]
                                                                                                           )
                                                                                       ),
                                                                         init=None,
                                                                         bitsize=None
                                                                         )
                                                                   ]
                                                            ),
                                             type=TypeDecl(declname='main',
                                                           quals=[
                                                                 ],
                                                           type=IdentifierType(names=['int'
                                                                                     ]
                                                                               )
                                                           )
                                             ),
                               init=None,
                               bitsize=None
                               ),
                     param_decls=None,
                     body=Compound(block_items=[Decl(name='a',
                                                     quals=[
                                                           ],
                                                     storage=[
                                                             ],
                                                     funcspec=[
                                                              ],
                                                     type=TypeDecl(declname='a',
                                                                   quals=[
                                                                         ],
                                                                   type=IdentifierType(names=['int'
                                                                                             ]
                                                                                       )
                                                                   ),
                                                     init=None,
                                                     bitsize=None
                                                     ),
                                                Decl(name='b',
                                                     quals=[
                                                           ],
                                                     storage=[
                                                             ],
                                                     funcspec=[
                                                              ],
                                                     type=ArrayDecl(type=TypeDecl(declname='b',
                                                                                  quals=[
                                                                                        ],
                                                                                  type=IdentifierType(names=['int'
                                                                                                            ]
                                                                                                      )
                                                                                  ),
                                                                    dim=Constant(type='int',
                                                                                 value='5'
                                                                                 ),
                                                                    dim_quals=[
                                                                              ]
                                                                    ),
                                                     init=InitList(exprs=[Constant(type='int',
                                                                                   value='1'
                                                                                   ),
                                                                          Constant(type='int',
                                                                                   value='2'
                                                                                   ),
                                                                          Constant(type='int',
                                                                                   value='3'
                                                                                   ),
                                                                          Constant(type='int',
                                                                                   value='4'
                                                                                   ),
                                                                          Constant(type='int',
                                                                                   value='5'
                                                                                   )
                                                                         ]
                                                                   ),
                                                     bitsize=None
                                                     ),
                                                Decl(name='pp',
                                                     quals=[
                                                           ],
                                                     storage=[
                                                             ],
                                                     funcspec=[
                                                              ],
                                                     type=TypeDecl(declname='pp',
                                                                   quals=[
                                                                         ],
                                                                   type=Struct(name='Point',
                                                                               decls=None
                                                                               )
                                                                   ),
                                                     init=InitList(exprs=[Constant(type='int',
                                                                                   value='1'
                                                                                   ),
                                                                          Constant(type='int',
                                                                                   value='2'
                                                                                   ),
                                                                          Constant(type='int',
                                                                                   value='3'
                                                                                   ),
                                                                          Constant(type='int',
                                                                                   value='4'
                                                                                   )
                                                                         ]
                                                                   ),
                                                     bitsize=None
                                                     ),
                                                Decl(name='c',
                                                     quals=[
                                                           ],
                                                     storage=[
                                                             ],
                                                     funcspec=[
                                                              ],
                                                     type=TypeDecl(declname='c',
                                                                   quals=[
                                                                         ],
                                                                   type=IdentifierType(names=['int'
                                                                                             ]
                                                                                       )
                                                                   ),
                                                     init=BinaryOp(op='+',
                                                                   left=StructRef(name=ID(name='pp'
                                                                                          ),
                                                                                  type='.',
                                                                                  field=ID(name='x'
                                                                                           )
                                                                                  ),
                                                                   right=StructRef(name=ID(name='pp'
                                                                                           ),
                                                                                   type='.',
                                                                                   field=ID(name='y'
                                                                                            )
                                                                                   )
                                                                   ),
                                                     bitsize=None
                                                     )
                                               ]
                                   )
                     )
            ]
        )