FileAST(ext=[Decl(name='a',
                  quals=['const'
                        ],
                  storage=['static'
                          ],
                  funcspec=[
                           ],
                  type=TypeDecl(declname='a',
                                quals=['const'
                                      ],
                                type=IdentifierType(names=['int'
                                                          ]
                                                    )
                                ),
                  init=Constant(type='int',
                                value='10'
                                ),
                  bitsize=None
                  ),
             Decl(name='b',
                  quals=[
                        ],
                  storage=[
                          ],
                  funcspec=[
                           ],
                  type=PtrDecl(quals=[
                                     ],
                               type=TypeDecl(declname='b',
                                             quals=[
                                                   ],
                                             type=IdentifierType(names=['int'
                                                                       ]
                                                                 )
                                             )
                               ),
                  init=UnaryOp(op='&',
                               expr=ID(name='a'
                                       )
                               ),
                  bitsize=None
                  ),
             Decl(name='b',
                  quals=[
                        ],
                  storage=[
                          ],
                  funcspec=[
                           ],
                  type=TypeDecl(declname='b',
                                quals=[
                                      ],
                                type=IdentifierType(names=['int'
                                                          ]
                                                    )
                                ),
                  init=None,
                  bitsize=None
                  ),
             Decl(name='str',
                  quals=[
                        ],
                  storage=[
                          ],
                  funcspec=[
                           ],
                  type=PtrDecl(quals=[
                                     ],
                               type=TypeDecl(declname='str',
                                             quals=[
                                                   ],
                                             type=IdentifierType(names=['char'
                                                                       ]
                                                                 )
                                             )
                               ),
                  init=Constant(type='string',
                                value='"123232432156"'
                                ),
                  bitsize=None
                  ),
             Decl(name='arr',
                  quals=[
                        ],
                  storage=[
                          ],
                  funcspec=[
                           ],
                  type=ArrayDecl(type=TypeDecl(declname='arr',
                                               quals=[
                                                     ],
                                               type=IdentifierType(names=['int'
                                                                         ]
                                                                   )
                                               ),
                                 dim=None,
                                 dim_quals=[
                                           ]
                                 ),
                  init=InitList(exprs=[Constant(type='int',
                                                value='1'
                                                ),
                                       Constant(type='int',
                                                value='2'
                                                ),
                                       Constant(type='int',
                                                value='3'
                                                )
                                      ]
                                ),
                  bitsize=None
                  ),
             Decl(name='arr1',
                  quals=[
                        ],
                  storage=[
                          ],
                  funcspec=[
                           ],
                  type=ArrayDecl(type=TypeDecl(declname='arr1',
                                               quals=[
                                                     ],
                                               type=IdentifierType(names=['int'
                                                                         ]
                                                                   )
                                               ),
                                 dim=Constant(type='int',
                                              value='100'
                                              ),
                                 dim_quals=[
                                           ]
                                 ),
                  init=None,
                  bitsize=None
                  ),
             Decl(name=None,
                  quals=[
                        ],
                  storage=[
                          ],
                  funcspec=[
                           ],
                  type=Enum(name='DAY',
                            values=EnumeratorList(enumerators=[Enumerator(name='MON',
                                                                          value=Constant(type='int',
                                                                                         value='1'
                                                                                         )
                                                                          ),
                                                               Enumerator(name='TUE',
                                                                          value=None
                                                                          ),
                                                               Enumerator(name='WED',
                                                                          value=None
                                                                          ),
                                                               Enumerator(name='THU',
                                                                          value=None
                                                                          ),
                                                               Enumerator(name='FRI',
                                                                          value=None
                                                                          ),
                                                               Enumerator(name='SAT',
                                                                          value=None
                                                                          ),
                                                               Enumerator(name='SUN',
                                                                          value=None
                                                                          )
                                                              ]
                                                  )
                            ),
                  init=None,
                  bitsize=None
                  ),
             Decl(name='w',
                  quals=[
                        ],
                  storage=[
                          ],
                  funcspec=[
                           ],
                  type=TypeDecl(declname='w',
                                quals=[
                                      ],
                                type=IdentifierType(names=['int'
                                                          ]
                                                    )
                                ),
                  init=BinaryOp(op='+',
                                left=Constant(type='int',
                                              value='1'
                                              ),
                                right=Constant(type='int',
                                               value='2'
                                               )
                                ),
                  bitsize=None
                  ),
             Decl(name='day',
                  quals=[
                        ],
                  storage=[
                          ],
                  funcspec=[
                           ],
                  type=TypeDecl(declname='day',
                                quals=[
                                      ],
                                type=Enum(name='DAY',
                                          values=None
                                          )
                                ),
                  init=None,
                  bitsize=None
                  ),
             Decl(name=None,
                  quals=[
                        ],
                  storage=[
                          ],
                  funcspec=[
                           ],
                  type=Struct(name='e',
                              decls=[Decl(name='x',
                                          quals=[
                                                ],
                                          storage=[
                                                  ],
                                          funcspec=[
                                                   ],
                                          type=TypeDecl(declname='x',
                                                        quals=[
                                                              ],
                                                        type=IdentifierType(names=['int'
                                                                                  ]
                                                                            )
                                                        ),
                                          init=None,
                                          bitsize=None
                                          ),
                                     Decl(name='y',
                                          quals=[
                                                ],
                                          storage=[
                                                  ],
                                          funcspec=[
                                                   ],
                                          type=TypeDecl(declname='y',
                                                        quals=[
                                                              ],
                                                        type=IdentifierType(names=['int'
                                                                                  ]
                                                                            )
                                                        ),
                                          init=None,
                                          bitsize=None
                                          )
                                    ]
                              ),
                  init=None,
                  bitsize=None
                  ),
             Decl(name='f',
                  quals=[
                        ],
                  storage=[
                          ],
                  funcspec=[
                           ],
                  type=TypeDecl(declname='f',
                                quals=[
                                      ],
                                type=Struct(name='e',
                                            decls=None
                                            )
                                ),
                  init=InitList(exprs=[Constant(type='int',
                                                value='100'
                                                ),
                                       Constant(type='int',
                                                value='200'
                                                )
                                      ]
                                ),
                  bitsize=None
                  ),
             Decl(name='array',
                  quals=[
                        ],
                  storage=[
                          ],
                  funcspec=[
                           ],
                  type=PtrDecl(quals=[
                                     ],
                               type=TypeDecl(declname='array',
                                             quals=[
                                                   ],
                                             type=IdentifierType(names=['char'
                                                                       ]
                                                                 )
                                             )
                               ),
                  init=InitList(exprs=[Constant(type='char',
                                                value="'1'"
                                                ),
                                       Constant(type='char',
                                                value="'2'"
                                                ),
                                       Constant(type='char',
                                                value="'3'"
                                                )
                                      ]
                                ),
                  bitsize=None
                  ),
             FuncDef(decl=Decl(name='fun',
                               quals=[
                                     ],
                               storage=[
                                       ],
                               funcspec=['inline'
                                        ],
                               type=FuncDecl(args=ParamList(params=[Decl(name='a',
                                                                         quals=[
                                                                               ],
                                                                         storage=[
                                                                                 ],
                                                                         funcspec=[
                                                                                  ],
                                                                         type=TypeDecl(declname='a',
                                                                                       quals=[
                                                                                             ],
                                                                                       type=IdentifierType(names=['int'
                                                                                                                 ]
                                                                                                           )
                                                                                       ),
                                                                         init=None,
                                                                         bitsize=None
                                                                         ),
                                                                    Decl(name='b',
                                                                         quals=[
                                                                               ],
                                                                         storage=[
                                                                                 ],
                                                                         funcspec=[
                                                                                  ],
                                                                         type=TypeDecl(declname='b',
                                                                                       quals=[
                                                                                             ],
                                                                                       type=IdentifierType(names=['int'
                                                                                                                 ]
                                                                                                           )
                                                                                       ),
                                                                         init=None,
                                                                         bitsize=None
                                                                         ),
                                                                    Decl(name='c',
                                                                         quals=[
                                                                               ],
                                                                         storage=[
                                                                                 ],
                                                                         funcspec=[
                                                                                  ],
                                                                         type=TypeDecl(declname='c',
                                                                                       quals=[
                                                                                             ],
                                                                                       type=IdentifierType(names=['int'
                                                                                                                 ]
                                                                                                           )
                                                                                       ),
                                                                         init=None,
                                                                         bitsize=None
                                                                         )
                                                                   ]
                                                            ),
                                             type=TypeDecl(declname='fun',
                                                           quals=[
                                                                 ],
                                                           type=IdentifierType(names=['int'
                                                                                     ]
                                                                               )
                                                           )
                                             ),
                               init=None,
                               bitsize=None
                               ),
                     param_decls=None,
                     body=Compound(block_items=[Decl(name='dd',
                                                     quals=[
                                                           ],
                                                     storage=[
                                                             ],
                                                     funcspec=[
                                                              ],
                                                     type=TypeDecl(declname='dd',
                                                                   quals=[
                                                                         ],
                                                                   type=IdentifierType(names=['int'
                                                                                             ]
                                                                                       )
                                                                   ),
                                                     init=Constant(type='int',
                                                                   value='100'
                                                                   ),
                                                     bitsize=None
                                                     ),
                                                While(cond=BinaryOp(op='>',
                                                                    left=ID(name='dd'
                                                                            ),
                                                                    right=Constant(type='int',
                                                                                   value='0'
                                                                                   )
                                                                    ),
                                                      stmt=Compound(block_items=[Decl(name='cc',
                                                                                      quals=[
                                                                                            ],
                                                                                      storage=[
                                                                                              ],
                                                                                      funcspec=[
                                                                                               ],
                                                                                      type=TypeDecl(declname='cc',
                                                                                                    quals=[
                                                                                                          ],
                                                                                                    type=IdentifierType(names=['int'
                                                                                                                              ]
                                                                                                                        )
                                                                                                    ),
                                                                                      init=Constant(type='int',
                                                                                                    value='10'
                                                                                                    ),
                                                                                      bitsize=None
                                                                                      ),
                                                                                 UnaryOp(op='p--',
                                                                                         expr=ID(name='dd'
                                                                                                 )
                                                                                         )
                                                                                ]
                                                                    )
                                                      ),
                                                If(cond=BinaryOp(op='>',
                                                                 left=ID(name='dd'
                                                                         ),
                                                                 right=Constant(type='int',
                                                                                value='0'
                                                                                )
                                                                 ),
                                                   iftrue=Compound(block_items=[Decl(name='kk',
                                                                                     quals=[
                                                                                           ],
                                                                                     storage=[
                                                                                             ],
                                                                                     funcspec=[
                                                                                              ],
                                                                                     type=TypeDecl(declname='kk',
                                                                                                   quals=[
                                                                                                         ],
                                                                                                   type=IdentifierType(names=['int'
                                                                                                                             ]
                                                                                                                       )
                                                                                                   ),
                                                                                     init=Constant(type='int',
                                                                                                   value='10'
                                                                                                   ),
                                                                                     bitsize=None
                                                                                     )
                                                                               ]
                                                                   ),
                                                   iffalse=Compound(block_items=[Decl(name='mm',
                                                                                      quals=[
                                                                                            ],
                                                                                      storage=[
                                                                                              ],
                                                                                      funcspec=[
                                                                                               ],
                                                                                      type=TypeDecl(declname='mm',
                                                                                                    quals=[
                                                                                                          ],
                                                                                                    type=IdentifierType(names=['int'
                                                                                                                              ]
                                                                                                                        )
                                                                                                    ),
                                                                                      init=Constant(type='int',
                                                                                                    value='100'
                                                                                                    ),
                                                                                      bitsize=None
                                                                                      )
                                                                                ]
                                                                    )
                                                   ),
                                                Return(expr=Constant(type='int',
                                                                     value='100'
                                                                     )
                                                       )
                                               ]
                                   )
                     )
            ]
        )